<?xml version="1.0" encoding="UTF-8"?>
<testsuite name="ladder.NodeTest" tests="6" skipped="0" failures="0" errors="0" timestamp="2023-03-10T05:51:25" hostname="gimjeong-uui-MacBookAir.local" time="0.003">
  <properties/>
  <testcase name="moveCenter()" classname="ladder.NodeTest" time="0.0"/>
  <testcase name="appendSymbolCenter()" classname="ladder.NodeTest" time="0.0"/>
  <testcase name="appendSymbolLeft()" classname="ladder.NodeTest" time="0.001"/>
  <testcase name="moveLeft()" classname="ladder.NodeTest" time="0.0"/>
  <testcase name="moveRight()" classname="ladder.NodeTest" time="0.0"/>
  <testcase name="appendSymbolRight()" classname="ladder.NodeTest" time="0.001"/>
  <system-out><![CDATA[]]></system-out>
  <system-err><![CDATA[]]></system-err>
</testsuite>
