<?xml version="1.0" encoding="UTF-8"?>
<testsuite name="ladder.LadderPositionTest" tests="1" skipped="0" failures="0" errors="0" timestamp="2023-03-10T05:51:25" hostname="gimjeong-uui-MacBookAir.local" time="0.001">
  <properties/>
  <testcase name="getter()" classname="ladder.LadderPositionTest" time="0.001"/>
  <system-out><![CDATA[]]></system-out>
  <system-err><![CDATA[]]></system-err>
</testsuite>
