<?xml version="1.0" encoding="UTF-8"?>
<testsuite name="ladder.LadderSizeTest" tests="2" skipped="0" failures="0" errors="0" timestamp="2023-03-10T06:19:42" hostname="gimjeong-uui-MacBookAir.local" time="0.0">
  <properties/>
  <testcase name="getter()" classname="ladder.LadderSizeTest" time="0.0"/>
  <testcase name="getSize()" classname="ladder.LadderSizeTest" time="0.0"/>
  <system-out><![CDATA[]]></system-out>
  <system-err><![CDATA[]]></system-err>
</testsuite>
