<?xml version="1.0" encoding="UTF-8"?>
<testsuite name="ladder.LadderGameTest" tests="3" skipped="0" failures="0" errors="0" timestamp="2023-03-10T06:19:42" hostname="gimjeong-uui-MacBookAir.local" time="0.018">
  <properties/>
  <testcase name="1 -1 0 0 / 0 1 -1 0 / 1 -1 0 0" classname="ladder.LadderGameTest" time="0.012"/>
  <testcase name="만들어진 사다리 이상의 사람 예외 처리" classname="ladder.LadderGameTest" time="0.0"/>
  <testcase name="Random" classname="ladder.LadderGameTest" time="0.004"/>
  <system-out><![CDATA[Before
1* -1 0 0 
0 1 -1 0 
1 -1 0 0 

After
1 -1* 0 0 
0 1 -1 0 
1 -1 0 0 

Before
1 -1 0 0 
0 1* -1 0 
1 -1 0 0 

After
1 -1 0 0 
0 1 -1* 0 
1 -1 0 0 

Before
1 -1 0 0 
0 1 -1 0 
1 -1 0* 0 

After
1 -1 0 0 
0 1 -1 0 
1 -1 0* 0 

Before
1 -1* 0 0 
0 1 -1 0 
1 -1 0 0 

After
1* -1 0 0 
0 1 -1 0 
1 -1 0 0 

Before
1 -1 0 0 
0* 1 -1 0 
1 -1 0 0 

After
1 -1 0 0 
0* 1 -1 0 
1 -1 0 0 

Before
1 -1 0 0 
0 1 -1 0 
1* -1 0 0 

After
1 -1 0 0 
0 1 -1 0 
1 -1* 0 0 

Before
1 -1 0* 0 
0 1 -1 0 
1 -1 0 0 

After
1 -1 0* 0 
0 1 -1 0 
1 -1 0 0 

Before
1 -1 0 0 
0 1 -1* 0 
1 -1 0 0 

After
1 -1 0 0 
0 1* -1 0 
1 -1 0 0 

Before
1 -1 0 0 
0 1 -1 0 
1 -1* 0 0 

After
1 -1 0 0 
0 1 -1 0 
1* -1 0 0 

Before
0 0 0 

Before
0* 1 -1 0 0 
0 1 -1 0 0 
0 0 0 1 -1 
0 1 -1 0 0 
0 1 -1 1 -1 
1 -1 1 -1 0 
1 -1 1 -1 0 
1 -1 0 1 -1 
0 0 1 -1 0 
0 1 -1 1 -1 

After
0* 1 -1 0 0 
0 1 -1 0 0 
0 0 0 1 -1 
0 1 -1 0 0 
0 1 -1 1 -1 
1 -1 1 -1 0 
1 -1 1 -1 0 
1 -1 0 1 -1 
0 0 1 -1 0 
0 1 -1 1 -1 

Before
0 1 -1 0 0 
0* 1 -1 0 0 
0 0 0 1 -1 
0 1 -1 0 0 
0 1 -1 1 -1 
1 -1 1 -1 0 
1 -1 1 -1 0 
1 -1 0 1 -1 
0 0 1 -1 0 
0 1 -1 1 -1 

After
0 1 -1 0 0 
0* 1 -1 0 0 
0 0 0 1 -1 
0 1 -1 0 0 
0 1 -1 1 -1 
1 -1 1 -1 0 
1 -1 1 -1 0 
1 -1 0 1 -1 
0 0 1 -1 0 
0 1 -1 1 -1 

Before
0 1 -1 0 0 
0 1 -1 0 0 
0* 0 0 1 -1 
0 1 -1 0 0 
0 1 -1 1 -1 
1 -1 1 -1 0 
1 -1 1 -1 0 
1 -1 0 1 -1 
0 0 1 -1 0 
0 1 -1 1 -1 

After
0 1 -1 0 0 
0 1 -1 0 0 
0* 0 0 1 -1 
0 1 -1 0 0 
0 1 -1 1 -1 
1 -1 1 -1 0 
1 -1 1 -1 0 
1 -1 0 1 -1 
0 0 1 -1 0 
0 1 -1 1 -1 

Before
0 1 -1 0 0 
0 1 -1 0 0 
0 0 0 1 -1 
0* 1 -1 0 0 
0 1 -1 1 -1 
1 -1 1 -1 0 
1 -1 1 -1 0 
1 -1 0 1 -1 
0 0 1 -1 0 
0 1 -1 1 -1 

After
0 1 -1 0 0 
0 1 -1 0 0 
0 0 0 1 -1 
0* 1 -1 0 0 
0 1 -1 1 -1 
1 -1 1 -1 0 
1 -1 1 -1 0 
1 -1 0 1 -1 
0 0 1 -1 0 
0 1 -1 1 -1 

Before
0 1 -1 0 0 
0 1 -1 0 0 
0 0 0 1 -1 
0 1 -1 0 0 
0* 1 -1 1 -1 
1 -1 1 -1 0 
1 -1 1 -1 0 
1 -1 0 1 -1 
0 0 1 -1 0 
0 1 -1 1 -1 

After
0 1 -1 0 0 
0 1 -1 0 0 
0 0 0 1 -1 
0 1 -1 0 0 
0* 1 -1 1 -1 
1 -1 1 -1 0 
1 -1 1 -1 0 
1 -1 0 1 -1 
0 0 1 -1 0 
0 1 -1 1 -1 

Before
0 1 -1 0 0 
0 1 -1 0 0 
0 0 0 1 -1 
0 1 -1 0 0 
0 1 -1 1 -1 
1* -1 1 -1 0 
1 -1 1 -1 0 
1 -1 0 1 -1 
0 0 1 -1 0 
0 1 -1 1 -1 

After
0 1 -1 0 0 
0 1 -1 0 0 
0 0 0 1 -1 
0 1 -1 0 0 
0 1 -1 1 -1 
1 -1* 1 -1 0 
1 -1 1 -1 0 
1 -1 0 1 -1 
0 0 1 -1 0 
0 1 -1 1 -1 

Before
0 1 -1 0 0 
0 1 -1 0 0 
0 0 0 1 -1 
0 1 -1 0 0 
0 1 -1 1 -1 
1 -1 1 -1 0 
1 -1* 1 -1 0 
1 -1 0 1 -1 
0 0 1 -1 0 
0 1 -1 1 -1 

After
0 1 -1 0 0 
0 1 -1 0 0 
0 0 0 1 -1 
0 1 -1 0 0 
0 1 -1 1 -1 
1 -1 1 -1 0 
1* -1 1 -1 0 
1 -1 0 1 -1 
0 0 1 -1 0 
0 1 -1 1 -1 

Before
0 1 -1 0 0 
0 1 -1 0 0 
0 0 0 1 -1 
0 1 -1 0 0 
0 1 -1 1 -1 
1 -1 1 -1 0 
1 -1 1 -1 0 
1* -1 0 1 -1 
0 0 1 -1 0 
0 1 -1 1 -1 

After
0 1 -1 0 0 
0 1 -1 0 0 
0 0 0 1 -1 
0 1 -1 0 0 
0 1 -1 1 -1 
1 -1 1 -1 0 
1 -1 1 -1 0 
1 -1* 0 1 -1 
0 0 1 -1 0 
0 1 -1 1 -1 

Before
0 1 -1 0 0 
0 1 -1 0 0 
0 0 0 1 -1 
0 1 -1 0 0 
0 1 -1 1 -1 
1 -1 1 -1 0 
1 -1 1 -1 0 
1 -1 0 1 -1 
0 0* 1 -1 0 
0 1 -1 1 -1 

After
0 1 -1 0 0 
0 1 -1 0 0 
0 0 0 1 -1 
0 1 -1 0 0 
0 1 -1 1 -1 
1 -1 1 -1 0 
1 -1 1 -1 0 
1 -1 0 1 -1 
0 0* 1 -1 0 
0 1 -1 1 -1 

Before
0 1 -1 0 0 
0 1 -1 0 0 
0 0 0 1 -1 
0 1 -1 0 0 
0 1 -1 1 -1 
1 -1 1 -1 0 
1 -1 1 -1 0 
1 -1 0 1 -1 
0 0 1 -1 0 
0 1* -1 1 -1 

After
0 1 -1 0 0 
0 1 -1 0 0 
0 0 0 1 -1 
0 1 -1 0 0 
0 1 -1 1 -1 
1 -1 1 -1 0 
1 -1 1 -1 0 
1 -1 0 1 -1 
0 0 1 -1 0 
0 1 -1* 1 -1 

]]></system-out>
  <system-err><![CDATA[]]></system-err>
</testsuite>
